Сборка начата 03.10.2023 10:41:02.
Уровень детализации журнала: Normal.     1>Проект "C:\Users\Manmade\Desktop\ОАИП\Код\lab4\lab4\lab4.vcxproj" в узле 3 (целевые объекты Rebuild).
     1>_PrepareForClean:
         Файл "x64\Debug\lab4.tlog\lab4.lastbuildstate" удаляется.
       InitializeBuildStatus:
         Создание "x64\Debug\lab4.tlog\unsuccessfulbuild", так как было задано "AlwaysCreate".
         Обращение к "x64\Debug\lab4.tlog\unsuccessfulbuild".
       ClCompile:
         C:\Program Files\Microsoft Visual Studio\2022\Community\VC\Tools\MSVC\14.37.32822\bin\HostX64\x64\CL.exe /c /ZI /JMC /nologo /W3 /WX- /diagnostics:column /sdl /Od /D _DEBUG /D _CONSOLE /D _UNICODE /D UNICODE /Gm- /EHsc /RTC1 /MDd /GS /fp:precise /Zc:wchar_t /Zc:forScope /Zc:inline /permissive- /Fo"x64\Debug\\" /Fd"x64\Debug\vc143.pdb" /external:W3 /Gd /TP /FC /errorReport:prompt lab4.cpp
         lab4.cpp
     1>C:\Users\Manmade\Desktop\ОАИП\Код\lab4\lab4\lab4.cpp(3,1): warning C4326: возвращаемый тип "main" должен быть "int", а не "void"
       Link:
         C:\Program Files\Microsoft Visual Studio\2022\Community\VC\Tools\MSVC\14.37.32822\bin\HostX64\x64\link.exe /ERRORREPORT:PROMPT /OUT:"C:\Users\Manmade\Desktop\ОАИП\Код\lab4\x64\Debug\lab4.exe" /INCREMENTAL /ILK:"x64\Debug\lab4.ilk" /NOLOGO kernel32.lib user32.lib gdi32.lib winspool.lib comdlg32.lib advapi32.lib shell32.lib ole32.lib oleaut32.lib uuid.lib odbc32.lib odbccp32.lib /MANIFEST /MANIFESTUAC:"level='asInvoker' uiAccess='false'" /manifest:embed /DEBUG /PDB:"C:\Users\Manmade\Desktop\ОАИП\Код\lab4\x64\Debug\lab4.pdb" /SUBSYSTEM:CONSOLE /TLBID:1 /DYNAMICBASE /NXCOMPAT /IMPLIB:"C:\Users\Manmade\Desktop\ОАИП\Код\lab4\x64\Debug\lab4.lib" /MACHINE:X64 x64\Debug\lab4.obj
         lab4.vcxproj -> C:\Users\Manmade\Desktop\ОАИП\Код\lab4\x64\Debug\lab4.exe
       FinalizeBuildStatus:
         Файл "x64\Debug\lab4.tlog\unsuccessfulbuild" удаляется.
         Обращение к "x64\Debug\lab4.tlog\lab4.lastbuildstate".
     1>Сборка проекта "C:\Users\Manmade\Desktop\ОАИП\Код\lab4\lab4\lab4.vcxproj" завершена (целевые объекты Rebuild).

Сборка успешно завершена.

       "C:\Users\Manmade\Desktop\ОАИП\Код\lab4\lab4\lab4.vcxproj" (целевой объект Rebuild ) (1) ->
       (Целевой объект ClCompile) -> 
         C:\Users\Manmade\Desktop\ОАИП\Код\lab4\lab4\lab4.cpp(3,1): warning C4326: возвращаемый тип "main" должен быть "int", а не "void"

    Предупреждений: 1
    Ошибок: 0

Прошло времени 00:00:01.29
