Сборка начата 19.10.2023 12:36:12.
Уровень детализации журнала: Normal.     1>Проект "C:\Users\Manmade\Desktop\ОАИП\Код\lab8\var14\var14.vcxproj" в узле 2 (целевые объекты Build).
     1>InitializeBuildStatus:
         Создание "x64\Debug\var14.tlog\unsuccessfulbuild", так как было задано "AlwaysCreate".
         Обращение к "x64\Debug\var14.tlog\unsuccessfulbuild".
       ClCompile:
         C:\Program Files\Microsoft Visual Studio\2022\Community\VC\Tools\MSVC\14.37.32822\bin\HostX64\x64\CL.exe /c /ZI /JMC /nologo /W3 /WX- /diagnostics:column /sdl /Od /D _DEBUG /D _CONSOLE /D _UNICODE /D UNICODE /Gm- /EHsc /RTC1 /MDd /GS /fp:precise /Zc:wchar_t /Zc:forScope /Zc:inline /permissive- /Fo"x64\Debug\\" /Fd"x64\Debug\vc143.pdb" /external:W3 /Gd /TP /FC /errorReport:prompt var14.cpp
         var14.cpp
     1>C:\Users\Manmade\Desktop\ОАИП\Код\lab8\var14\var14.cpp(3,1): warning C4326: возвращаемый тип "main" должен быть "int", а не "void"
     1>C:\Users\Manmade\Desktop\ОАИП\Код\lab8\var14\var14.cpp(6,10): warning C4305: инициализация: усечение из "double" в "float"
     1>C:\Users\Manmade\Desktop\ОАИП\Код\lab8\var14\var14.cpp(12,11): warning C4244: =: преобразование "double" в "float", возможна потеря данных
     1>C:\Users\Manmade\Desktop\ОАИП\Код\lab8\var14\var14.cpp(15,11): warning C4244: =: преобразование "double" в "float", возможна потеря данных
     1>C:\Users\Manmade\Desktop\ОАИП\Код\lab8\var14\var14.cpp(17,19): warning C4305: инициализация: усечение из "double" в "float"
     1>C:\Users\Manmade\Desktop\ОАИП\Код\lab8\var14\var14.cpp(27,22): warning C4244: +=: преобразование "double" в "float", возможна потеря данных
       Link:
         C:\Program Files\Microsoft Visual Studio\2022\Community\VC\Tools\MSVC\14.37.32822\bin\HostX64\x64\link.exe /ERRORREPORT:PROMPT /OUT:"C:\Users\Manmade\Desktop\ОАИП\Код\lab8\x64\Debug\var14.exe" /INCREMENTAL /ILK:"x64\Debug\var14.ilk" /NOLOGO kernel32.lib user32.lib gdi32.lib winspool.lib comdlg32.lib advapi32.lib shell32.lib ole32.lib oleaut32.lib uuid.lib odbc32.lib odbccp32.lib /MANIFEST /MANIFESTUAC:"level='asInvoker' uiAccess='false'" /manifest:embed /DEBUG /PDB:"C:\Users\Manmade\Desktop\ОАИП\Код\lab8\x64\Debug\var14.pdb" /SUBSYSTEM:CONSOLE /TLBID:1 /DYNAMICBASE /NXCOMPAT /IMPLIB:"C:\Users\Manmade\Desktop\ОАИП\Код\lab8\x64\Debug\var14.lib" /MACHINE:X64 x64\Debug\var14.obj
         var14.vcxproj -> C:\Users\Manmade\Desktop\ОАИП\Код\lab8\x64\Debug\var14.exe
       FinalizeBuildStatus:
         Файл "x64\Debug\var14.tlog\unsuccessfulbuild" удаляется.
         Обращение к "x64\Debug\var14.tlog\var14.lastbuildstate".
     1>Сборка проекта "C:\Users\Manmade\Desktop\ОАИП\Код\lab8\var14\var14.vcxproj" завершена (целевые объекты Build).

Сборка успешно завершена.

       "C:\Users\Manmade\Desktop\ОАИП\Код\lab8\var14\var14.vcxproj" (целевой объект Build ) (1) ->
       (Целевой объект ClCompile) -> 
         C:\Users\Manmade\Desktop\ОАИП\Код\lab8\var14\var14.cpp(3,1): warning C4326: возвращаемый тип "main" должен быть "int", а не "void"
         C:\Users\Manmade\Desktop\ОАИП\Код\lab8\var14\var14.cpp(6,10): warning C4305: инициализация: усечение из "double" в "float"
         C:\Users\Manmade\Desktop\ОАИП\Код\lab8\var14\var14.cpp(12,11): warning C4244: =: преобразование "double" в "float", возможна потеря данных
         C:\Users\Manmade\Desktop\ОАИП\Код\lab8\var14\var14.cpp(15,11): warning C4244: =: преобразование "double" в "float", возможна потеря данных
         C:\Users\Manmade\Desktop\ОАИП\Код\lab8\var14\var14.cpp(17,19): warning C4305: инициализация: усечение из "double" в "float"
         C:\Users\Manmade\Desktop\ОАИП\Код\lab8\var14\var14.cpp(27,22): warning C4244: +=: преобразование "double" в "float", возможна потеря данных

    Предупреждений: 6
    Ошибок: 0

Прошло времени 00:00:00.38
